platforms/android/app/build/intermediates/manifest_merge_blame_file/release/manifest-merger-blame-release-report.txt
1<?xml version="1.0" encoding="utf-8"?>
2<manifest xmlns:android="http://schemas.android.com/apk/res/android"
3    package="com.saarthi.apnatruckkhata"
4    android:hardwareAccelerated="true"
5    android:versionCode="18"
6    android:versionName="0.0.18" >
7
8    <uses-sdk
8-->src/main/AndroidManifest.xml:30:5-44
9        android:minSdkVersion="19"
9-->src/main/AndroidManifest.xml:30:15-41
10        android:targetSdkVersion="30" />
10-->src/main/AndroidManifest.xml:30:5-44
11
12    <supports-screens
12-->src/main/AndroidManifest.xml:3:5-191
13        android:anyDensity="true"
13-->src/main/AndroidManifest.xml:3:23-48
14        android:largeScreens="true"
14-->src/main/AndroidManifest.xml:3:49-76
15        android:normalScreens="true"
15-->src/main/AndroidManifest.xml:3:77-105
16        android:resizeable="true"
16-->src/main/AndroidManifest.xml:3:106-131
17        android:smallScreens="true"
17-->src/main/AndroidManifest.xml:3:132-159
18        android:xlargeScreens="true" />
18-->src/main/AndroidManifest.xml:3:160-188
19
20    <uses-permission android:name="android.permission.INTERNET" />
20-->src/main/AndroidManifest.xml:4:5-67
20-->src/main/AndroidManifest.xml:4:22-64
21    <uses-permission android:name="android.permission.WRITE_EXTERNAL_STORAGE" />
21-->src/main/AndroidManifest.xml:31:5-81
21-->src/main/AndroidManifest.xml:31:22-78
22    <uses-permission android:name="android.permission.READ_EXTERNAL_STORAGE" />
22-->src/main/AndroidManifest.xml:32:5-80
22-->src/main/AndroidManifest.xml:32:22-77
23    <uses-permission android:name="android.permission.READ_CONTACTS" />
23-->src/main/AndroidManifest.xml:33:5-72
23-->src/main/AndroidManifest.xml:33:22-69
24    <uses-permission android:name="android.permission.WRITE_CONTACTS" />
24-->src/main/AndroidManifest.xml:34:5-73
24-->src/main/AndroidManifest.xml:34:22-70
25    <uses-permission android:name="android.permission.GET_ACCOUNTS" />
25-->src/main/AndroidManifest.xml:35:5-71
25-->src/main/AndroidManifest.xml:35:22-68
26    <uses-permission android:name="android.permission.ACCESS_NETWORK_STATE" />
26-->src/main/AndroidManifest.xml:36:5-79
26-->src/main/AndroidManifest.xml:36:22-76
27    <uses-permission android:name="android.permission.WAKE_LOCK" />
27-->src/main/AndroidManifest.xml:37:5-68
27-->src/main/AndroidManifest.xml:37:22-65
28    <uses-permission android:name="android.permission.VIBRATE" />
28-->src/main/AndroidManifest.xml:38:5-66
28-->src/main/AndroidManifest.xml:38:22-63
29    <!-- Required by older versions of Google Play services to create IID tokens -->
30    <uses-permission android:name="com.google.android.c2dm.permission.RECEIVE" />
30-->[com.google.firebase:firebase-iid:16.0.0] AndroidManifest.xml:26:5-82
30-->[com.google.firebase:firebase-iid:16.0.0] AndroidManifest.xml:26:22-79
31
32    <permission
32-->[com.google.firebase:firebase-iid:16.0.0] AndroidManifest.xml:28:5-30:47
33        android:name="com.saarthi.apnatruckkhata.permission.C2D_MESSAGE"
33-->[com.google.firebase:firebase-iid:16.0.0] AndroidManifest.xml:29:9-63
34        android:protectionLevel="signature" />
34-->[com.google.firebase:firebase-iid:16.0.0] AndroidManifest.xml:30:9-44
35
36    <uses-permission android:name="com.saarthi.apnatruckkhata.permission.C2D_MESSAGE" /> <!-- for android -->
36-->[com.google.firebase:firebase-iid:16.0.0] AndroidManifest.xml:32:5-79
36-->[com.google.firebase:firebase-iid:16.0.0] AndroidManifest.xml:32:22-76
37    <!-- <uses-permission android:name="com.android.launcher.permission.READ_SETTINGS"/> -->
38    <!-- <uses-permission android:name="com.android.launcher.permission.WRITE_SETTINGS"/> -->
39    <!-- <uses-permission android:name="com.android.launcher.permission.INSTALL_SHORTCUT" /> -->
40    <!-- <uses-permission android:name="com.android.launcher.permission.UNINSTALL_SHORTCUT" /> -->
41    <!-- for Samsung -->
42    <uses-permission android:name="com.sec.android.provider.badge.permission.READ" />
42-->[me.leolin:ShortcutBadger:1.1.17] AndroidManifest.xml:19:5-86
42-->[me.leolin:ShortcutBadger:1.1.17] AndroidManifest.xml:19:22-83
43    <uses-permission android:name="com.sec.android.provider.badge.permission.WRITE" /> <!-- for htc -->
43-->[me.leolin:ShortcutBadger:1.1.17] AndroidManifest.xml:20:5-87
43-->[me.leolin:ShortcutBadger:1.1.17] AndroidManifest.xml:20:22-84
44    <uses-permission android:name="com.htc.launcher.permission.READ_SETTINGS" />
44-->[me.leolin:ShortcutBadger:1.1.17] AndroidManifest.xml:23:5-81
44-->[me.leolin:ShortcutBadger:1.1.17] AndroidManifest.xml:23:22-78
45    <uses-permission android:name="com.htc.launcher.permission.UPDATE_SHORTCUT" /> <!-- for sony -->
45-->[me.leolin:ShortcutBadger:1.1.17] AndroidManifest.xml:24:5-83
45-->[me.leolin:ShortcutBadger:1.1.17] AndroidManifest.xml:24:22-80
46    <uses-permission android:name="com.sonyericsson.home.permission.BROADCAST_BADGE" />
46-->[me.leolin:ShortcutBadger:1.1.17] AndroidManifest.xml:27:5-88
46-->[me.leolin:ShortcutBadger:1.1.17] AndroidManifest.xml:27:22-85
47    <uses-permission android:name="com.sonymobile.home.permission.PROVIDER_INSERT_BADGE" /> <!-- for apex -->
47-->[me.leolin:ShortcutBadger:1.1.17] AndroidManifest.xml:28:5-92
47-->[me.leolin:ShortcutBadger:1.1.17] AndroidManifest.xml:28:22-89
48    <uses-permission android:name="com.anddoes.launcher.permission.UPDATE_COUNT" /> <!-- for solid -->
48-->[me.leolin:ShortcutBadger:1.1.17] AndroidManifest.xml:31:5-84
48-->[me.leolin:ShortcutBadger:1.1.17] AndroidManifest.xml:31:22-81
49    <uses-permission android:name="com.majeur.launcher.permission.UPDATE_BADGE" /> <!-- for huawei -->
49-->[me.leolin:ShortcutBadger:1.1.17] AndroidManifest.xml:34:5-83
49-->[me.leolin:ShortcutBadger:1.1.17] AndroidManifest.xml:34:22-80
50    <uses-permission android:name="com.huawei.android.launcher.permission.CHANGE_BADGE" />
50-->[me.leolin:ShortcutBadger:1.1.17] AndroidManifest.xml:37:5-91
50-->[me.leolin:ShortcutBadger:1.1.17] AndroidManifest.xml:37:22-88
51    <uses-permission android:name="com.huawei.android.launcher.permission.READ_SETTINGS" />
51-->[me.leolin:ShortcutBadger:1.1.17] AndroidManifest.xml:38:5-92
51-->[me.leolin:ShortcutBadger:1.1.17] AndroidManifest.xml:38:22-89
52    <uses-permission android:name="com.huawei.android.launcher.permission.WRITE_SETTINGS" /> <!-- for ZUK -->
52-->[me.leolin:ShortcutBadger:1.1.17] AndroidManifest.xml:39:5-93
52-->[me.leolin:ShortcutBadger:1.1.17] AndroidManifest.xml:39:22-90
53    <uses-permission android:name="android.permission.READ_APP_BADGE" /> <!-- for OPPO -->
53-->[me.leolin:ShortcutBadger:1.1.17] AndroidManifest.xml:42:5-73
53-->[me.leolin:ShortcutBadger:1.1.17] AndroidManifest.xml:42:22-70
54    <uses-permission android:name="com.oppo.launcher.permission.READ_SETTINGS" />
54-->[me.leolin:ShortcutBadger:1.1.17] AndroidManifest.xml:45:5-82
54-->[me.leolin:ShortcutBadger:1.1.17] AndroidManifest.xml:45:22-79
55    <uses-permission android:name="com.oppo.launcher.permission.WRITE_SETTINGS" /> <!-- for EvMe -->
55-->[me.leolin:ShortcutBadger:1.1.17] AndroidManifest.xml:46:5-83
55-->[me.leolin:ShortcutBadger:1.1.17] AndroidManifest.xml:46:22-80
56    <uses-permission android:name="me.everything.badger.permission.BADGE_COUNT_READ" />
56-->[me.leolin:ShortcutBadger:1.1.17] AndroidManifest.xml:49:5-88
56-->[me.leolin:ShortcutBadger:1.1.17] AndroidManifest.xml:49:22-85
57    <uses-permission android:name="me.everything.badger.permission.BADGE_COUNT_WRITE" />
57-->[me.leolin:ShortcutBadger:1.1.17] AndroidManifest.xml:50:5-89
57-->[me.leolin:ShortcutBadger:1.1.17] AndroidManifest.xml:50:22-86
58
59    <application
59-->src/main/AndroidManifest.xml:5:5-29:19
60        android:name="android.support.multidex.MultiDexApplication"
61        android:hardwareAccelerated="true"
61-->src/main/AndroidManifest.xml:5:18-52
62        android:icon="@mipmap/icon"
62-->src/main/AndroidManifest.xml:5:53-80
63        android:label="@string/app_name"
63-->src/main/AndroidManifest.xml:5:81-113
64        android:networkSecurityConfig="@xml/network_security_config"
64-->src/main/AndroidManifest.xml:5:114-174
65        android:supportsRtl="true" >
65-->src/main/AndroidManifest.xml:5:175-201
66        <activity
66-->src/main/AndroidManifest.xml:6:9-11:20
67            android:name="com.saarthi.apnatruckkhata.MainActivity"
67-->src/main/AndroidManifest.xml:6:166-193
68            android:configChanges="orientation|keyboardHidden|keyboard|screenSize|locale"
68-->src/main/AndroidManifest.xml:6:19-96
69            android:label="@string/activity_name"
69-->src/main/AndroidManifest.xml:6:97-134
70            android:launchMode="singleTop"
70-->src/main/AndroidManifest.xml:6:135-165
71            android:theme="@android:style/Theme.DeviceDefault.NoActionBar"
71-->src/main/AndroidManifest.xml:6:194-256
72            android:windowSoftInputMode="adjustResize" >
72-->src/main/AndroidManifest.xml:6:257-299
73            <intent-filter android:label="@string/launcher_name" >
73-->src/main/AndroidManifest.xml:7:13-10:29
73-->src/main/AndroidManifest.xml:7:28-65
74                <action android:name="android.intent.action.MAIN" />
74-->src/main/AndroidManifest.xml:8:17-69
74-->src/main/AndroidManifest.xml:8:25-66
75
76                <category android:name="android.intent.category.LAUNCHER" />
76-->src/main/AndroidManifest.xml:9:17-77
76-->src/main/AndroidManifest.xml:9:27-74
77            </intent-filter>
78        </activity>
79        <activity
79-->src/main/AndroidManifest.xml:12:9-143
80            android:name="com.sarriaroman.PhotoViewer.PhotoActivity"
80-->src/main/AndroidManifest.xml:12:19-75
81            android:theme="@android:style/Theme.Holo.NoActionBar.Fullscreen" />
81-->src/main/AndroidManifest.xml:12:76-140
82
83        <provider
84            android:name="org.apache.cordova.camera.FileProvider"
84-->src/main/AndroidManifest.xml:13:127-180
85            android:authorities="com.saarthi.apnatruckkhata.provider"
85-->src/main/AndroidManifest.xml:13:19-66
86            android:exported="false"
86-->src/main/AndroidManifest.xml:13:67-91
87            android:grantUriPermissions="true" >
87-->src/main/AndroidManifest.xml:13:92-126
88            <meta-data
88-->src/main/AndroidManifest.xml:14:13-123
89                android:name="android.support.FILE_PROVIDER_PATHS"
89-->src/main/AndroidManifest.xml:14:24-74
90                android:resource="@xml/camera_provider_paths" />
90-->src/main/AndroidManifest.xml:14:75-120
91        </provider>
92
93        <activity
94            android:name="com.adobe.phonegap.push.PushHandlerActivity"
94-->src/main/AndroidManifest.xml:16:43-101
95            android:exported="true"
95-->src/main/AndroidManifest.xml:16:19-42
96            android:permission="com.saarthi.apnatruckkhata.permission.PushHandlerActivity" />
96-->src/main/AndroidManifest.xml:16:102-170
97
98        <receiver android:name="com.adobe.phonegap.push.BackgroundActionButtonHandler" />
98-->src/main/AndroidManifest.xml:17:9-90
98-->src/main/AndroidManifest.xml:17:19-87
99        <receiver android:name="com.adobe.phonegap.push.PushDismissedHandler" />
99-->src/main/AndroidManifest.xml:18:9-81
99-->src/main/AndroidManifest.xml:18:19-78
100
101        <service android:name="com.adobe.phonegap.push.FCMService" >
101-->src/main/AndroidManifest.xml:19:9-23:19
101-->src/main/AndroidManifest.xml:19:18-67
102            <intent-filter>
102-->src/main/AndroidManifest.xml:20:13-22:29
103                <action android:name="com.google.firebase.MESSAGING_EVENT" />
103-->src/main/AndroidManifest.xml:21:17-78
103-->src/main/AndroidManifest.xml:21:25-75
104            </intent-filter>
105        </service>
106        <service android:name="com.adobe.phonegap.push.PushInstanceIDListenerService" >
106-->src/main/AndroidManifest.xml:24:9-28:19
106-->src/main/AndroidManifest.xml:24:18-86
107            <intent-filter>
107-->src/main/AndroidManifest.xml:25:13-27:29
108                <action android:name="com.google.firebase.INSTANCE_ID_EVENT" />
108-->src/main/AndroidManifest.xml:26:17-80
108-->src/main/AndroidManifest.xml:26:25-77
109            </intent-filter>
110        </service>
111
112        <provider
112-->[com.squareup.picasso:picasso:2.71828] AndroidManifest.xml:8:9-11:40
113            android:name="com.squareup.picasso.PicassoProvider"
113-->[com.squareup.picasso:picasso:2.71828] AndroidManifest.xml:9:13-64
114            android:authorities="com.saarthi.apnatruckkhata.com.squareup.picasso"
114-->[com.squareup.picasso:picasso:2.71828] AndroidManifest.xml:10:13-72
115            android:exported="false" />
115-->[com.squareup.picasso:picasso:2.71828] AndroidManifest.xml:11:13-37
116        <!--
117             FirebaseMessagingService performs security checks at runtime,
118             no need for explicit permissions despite exported="true"
119        -->
120        <service
120-->[com.google.firebase:firebase-messaging:17.0.0] AndroidManifest.xml:28:9-34:19
121            android:name="com.google.firebase.messaging.FirebaseMessagingService"
121-->[com.google.firebase:firebase-messaging:17.0.0] AndroidManifest.xml:29:13-82
122            android:exported="true" >
122-->[com.google.firebase:firebase-messaging:17.0.0] AndroidManifest.xml:30:13-36
123            <intent-filter android:priority="-500" >
123-->src/main/AndroidManifest.xml:20:13-22:29
124                <action android:name="com.google.firebase.MESSAGING_EVENT" />
124-->src/main/AndroidManifest.xml:21:17-78
124-->src/main/AndroidManifest.xml:21:25-75
125            </intent-filter>
126        </service>
127        <service android:name="com.google.firebase.components.ComponentDiscoveryService" >
127-->[com.google.firebase:firebase-iid:16.0.0] AndroidManifest.xml:35:9-39:19
127-->[com.google.firebase:firebase-iid:16.0.0] AndroidManifest.xml:35:18-89
128            <meta-data
128-->[com.google.firebase:firebase-iid:16.0.0] AndroidManifest.xml:36:13-38:85
129                android:name="com.google.firebase.components:com.google.firebase.iid.Registrar"
129-->[com.google.firebase:firebase-iid:16.0.0] AndroidManifest.xml:37:17-96
130                android:value="com.google.firebase.components.ComponentRegistrar" />
130-->[com.google.firebase:firebase-iid:16.0.0] AndroidManifest.xml:38:17-82
131        </service>
132
133        <receiver
133-->[com.google.firebase:firebase-iid:16.0.0] AndroidManifest.xml:41:9-50:20
134            android:name="com.google.firebase.iid.FirebaseInstanceIdReceiver"
134-->[com.google.firebase:firebase-iid:16.0.0] AndroidManifest.xml:42:13-78
135            android:exported="true"
135-->[com.google.firebase:firebase-iid:16.0.0] AndroidManifest.xml:43:13-36
136            android:permission="com.google.android.c2dm.permission.SEND" >
136-->[com.google.firebase:firebase-iid:16.0.0] AndroidManifest.xml:44:13-73
137            <intent-filter>
137-->[com.google.firebase:firebase-iid:16.0.0] AndroidManifest.xml:45:13-49:29
138                <action android:name="com.google.android.c2dm.intent.RECEIVE" />
138-->[com.google.firebase:firebase-iid:16.0.0] AndroidManifest.xml:46:17-81
138-->[com.google.firebase:firebase-iid:16.0.0] AndroidManifest.xml:46:25-78
139
140                <category android:name="com.saarthi.apnatruckkhata" />
140-->[com.google.firebase:firebase-iid:16.0.0] AndroidManifest.xml:48:17-61
140-->[com.google.firebase:firebase-iid:16.0.0] AndroidManifest.xml:48:27-58
141            </intent-filter>
142        </receiver>
143        <!--
144             FirebaseInstanceIdService performs security checks at runtime,
145             no need for explicit permissions despite exported="true"
146        -->
147        <service
147-->[com.google.firebase:firebase-iid:16.0.0] AndroidManifest.xml:56:9-62:19
148            android:name="com.google.firebase.iid.FirebaseInstanceIdService"
148-->[com.google.firebase:firebase-iid:16.0.0] AndroidManifest.xml:57:13-77
149            android:exported="true" >
149-->[com.google.firebase:firebase-iid:16.0.0] AndroidManifest.xml:58:13-36
150            <intent-filter android:priority="-500" >
150-->src/main/AndroidManifest.xml:25:13-27:29
151                <action android:name="com.google.firebase.INSTANCE_ID_EVENT" />
151-->src/main/AndroidManifest.xml:26:17-80
151-->src/main/AndroidManifest.xml:26:25-77
152            </intent-filter>
153        </service>
154
155        <provider
155-->[com.google.firebase:firebase-common:16.0.0] AndroidManifest.xml:9:9-13:39
156            android:name="com.google.firebase.provider.FirebaseInitProvider"
156-->[com.google.firebase:firebase-common:16.0.0] AndroidManifest.xml:10:13-77
157            android:authorities="com.saarthi.apnatruckkhata.firebaseinitprovider"
157-->[com.google.firebase:firebase-common:16.0.0] AndroidManifest.xml:11:13-72
158            android:exported="false"
158-->[com.google.firebase:firebase-common:16.0.0] AndroidManifest.xml:12:13-37
159            android:initOrder="100" />
159-->[com.google.firebase:firebase-common:16.0.0] AndroidManifest.xml:13:13-36
160
161        <activity
161-->[com.google.android.gms:play-services-base:15.0.1] AndroidManifest.xml:23:9-26:75
162            android:name="com.google.android.gms.common.api.GoogleApiActivity"
162-->[com.google.android.gms:play-services-base:15.0.1] AndroidManifest.xml:24:13-79
163            android:exported="false"
163-->[com.google.android.gms:play-services-base:15.0.1] AndroidManifest.xml:25:13-37
164            android:theme="@android:style/Theme.Translucent.NoTitleBar" />
164-->[com.google.android.gms:play-services-base:15.0.1] AndroidManifest.xml:26:13-72
165
166        <meta-data
166-->[com.google.android.gms:play-services-basement:15.0.1] AndroidManifest.xml:23:9-25:69
167            android:name="com.google.android.gms.version"
167-->[com.google.android.gms:play-services-basement:15.0.1] AndroidManifest.xml:24:13-58
168            android:value="@integer/google_play_services_version" />
168-->[com.google.android.gms:play-services-basement:15.0.1] AndroidManifest.xml:25:13-66
169    </application>
170
171</manifest>